# JRE version: Java(TM) SE Runtime Environment (8.0_251-b08) (build 1.8.0_251-b08)
# Java VM: Java HotSpot(TM) 64-Bit Server VM (25.251-b08 mixed mode windows-amd64 compressed oops)
Heap:
 PSYoungGen      total 153088K, used 70396K [0x00000000d5d00000, 0x00000000e2300000, 0x0000000100000000)
  eden space 115200K, 50% used [0x00000000d5d00000,0x00000000d963da00,0x00000000dcd80000)
  from space 37888K, 31% used [0x00000000dcd80000,0x00000000dd901658,0x00000000df280000)
  to   space 35840K, 0% used [0x00000000e0000000,0x00000000e0000000,0x00000000e2300000)
 ParOldGen       total 159232K, used 84171K [0x0000000081600000, 0x000000008b180000, 0x00000000d5d00000)
  object space 159232K, 52% used [0x0000000081600000,0x0000000086832cd0,0x000000008b180000)
 Metaspace       used 28538K, capacity 28791K, committed 29312K, reserved 1075200K
  class space    used 3559K, capacity 3646K, committed 3712K, reserved 1048576K
GC Heap History (10 events):
Event: 21.850 GC heap before
{Heap before GC invocations=28 (full 3):
 PSYoungGen      total 112128K, used 92987K [0x00000000d5d00000, 0x00000000de480000, 0x0000000100000000)
  eden space 90624K, 100% used [0x00000000d5d00000,0x00000000db580000,0x00000000db580000)
  from space 21504K, 10% used [0x00000000dcc00000,0x00000000dce4ecb0,0x00000000de100000)
  to   space 23040K, 0% used [0x00000000db580000,0x00000000db580000,0x00000000dcc00000)
 ParOldGen       total 159232K, used 76445K [0x0000000081600000, 0x000000008b180000, 0x00000000d5d00000)
  object space 159232K, 48% used [0x0000000081600000,0x00000000860a7650,0x000000008b180000)
 Metaspace       used 25108K, capacity 25365K, committed 25728K, reserved 1071104K
  class space    used 3074K, capacity 3149K, committed 3200K, reserved 1048576K
Event: 21.874 GC heap after
Heap after GC invocations=28 (full 3):
 PSYoungGen      total 113664K, used 21945K [0x00000000d5d00000, 0x00000000df980000, 0x0000000100000000)
  eden space 90624K, 0% used [0x00000000d5d00000,0x00000000d5d00000,0x00000000db580000)
  from space 23040K, 95% used [0x00000000db580000,0x00000000dcaee4f0,0x00000000dcc00000)
  to   space 26624K, 0% used [0x00000000ddf80000,0x00000000ddf80000,0x00000000df980000)
 ParOldGen       total 159232K, used 77118K [0x0000000081600000, 0x000000008b180000, 0x00000000d5d00000)
  object space 159232K, 48% used [0x0000000081600000,0x000000008614f998,0x000000008b180000)
 Metaspace       used 25108K, capacity 25365K, committed 25728K, reserved 1071104K
  class space    used 3074K, capacity 3149K, committed 3200K, reserved 1048576K
}
Event: 22.629 GC heap before
{Heap before GC invocations=29 (full 3):
 PSYoungGen      total 113664K, used 112569K [0x00000000d5d00000, 0x00000000df980000, 0x0000000100000000)
  eden space 90624K, 100% used [0x00000000d5d00000,0x00000000db580000,0x00000000db580000)
  from space 23040K, 95% used [0x00000000db580000,0x00000000dcaee4f0,0x00000000dcc00000)
  to   space 26624K, 0% used [0x00000000ddf80000,0x00000000ddf80000,0x00000000df980000)
 ParOldGen       total 159232K, used 77118K [0x0000000081600000, 0x000000008b180000, 0x00000000d5d00000)
  object space 159232K, 48% used [0x0000000081600000,0x000000008614f998,0x000000008b180000)
 Metaspace       used 25112K, capacity 25429K, committed 25728K, reserved 1071104K
  class space    used 3074K, capacity 3149K, committed 3200K, reserved 1048576K
Event: 22.648 GC heap after
Heap after GC invocations=29 (full 3):
 PSYoungGen      total 129536K, used 25300K [0x00000000d5d00000, 0x00000000dfe80000, 0x0000000100000000)
  eden space 102912K, 0% used [0x00000000d5d00000,0x00000000d5d00000,0x00000000dc180000)
  from space 26624K, 95% used [0x00000000ddf80000,0x00000000df8353a0,0x00000000df980000)
  to   space 30720K, 0% used [0x00000000dc180000,0x00000000dc180000,0x00000000ddf80000)
 ParOldGen       total 159232K, used 77126K [0x0000000081600000, 0x000000008b180000, 0x00000000d5d00000)
  object space 159232K, 48% used [0x0000000081600000,0x0000000086151998,0x000000008b180000)
 Metaspace       used 25112K, capacity 25429K, committed 25728K, reserved 1071104K
  class space    used 3074K, capacity 3149K, committed 3200K, reserved 1048576K
}
Event: 23.320 GC heap before
{Heap before GC invocations=30 (full 3):
 PSYoungGen      total 129536K, used 128212K [0x00000000d5d00000, 0x00000000dfe80000, 0x0000000100000000)
  eden space 102912K, 100% used [0x00000000d5d00000,0x00000000dc180000,0x00000000dc180000)
  from space 26624K, 95% used [0x00000000ddf80000,0x00000000df8353a0,0x00000000df980000)
  to   space 30720K, 0% used [0x00000000dc180000,0x00000000dc180000,0x00000000ddf80000)
 ParOldGen       total 159232K, used 77126K [0x0000000081600000, 0x000000008b180000, 0x00000000d5d00000)
  object space 159232K, 48% used [0x0000000081600000,0x0000000086151998,0x000000008b180000)
 Metaspace       used 25129K, capacity 25429K, committed 25728K, reserved 1071104K
  class space    used 3074K, capacity 3149K, committed 3200K, reserved 1048576K
Event: 23.332 GC heap after
Heap after GC invocations=30 (full 3):
 PSYoungGen      total 133632K, used 28272K [0x00000000d5d00000, 0x00000000e1480000, 0x0000000100000000)
  eden space 102912K, 0% used [0x00000000d5d00000,0x00000000d5d00000,0x00000000dc180000)
  from space 30720K, 92% used [0x00000000dc180000,0x00000000ddd1c380,0x00000000ddf80000)
  to   space 34816K, 0% used [0x00000000df280000,0x00000000df280000,0x00000000e1480000)
 ParOldGen       total 159232K, used 77126K [0x0000000081600000, 0x000000008b180000, 0x00000000d5d00000)
  object space 159232K, 48% used [0x0000000081600000,0x0000000086151998,0x000000008b180000)
 Metaspace       used 25129K, capacity 25429K, committed 25728K, reserved 1071104K
  class space    used 3074K, capacity 3149K, committed 3200K, reserved 1048576K
}
Event: 24.047 GC heap before
{Heap before GC invocations=31 (full 3):
 PSYoungGen      total 133632K, used 131184K [0x00000000d5d00000, 0x00000000e1480000, 0x0000000100000000)
  eden space 102912K, 100% used [0x00000000d5d00000,0x00000000dc180000,0x00000000dc180000)
  from space 30720K, 92% used [0x00000000dc180000,0x00000000ddd1c380,0x00000000ddf80000)
  to   space 34816K, 0% used [0x00000000df280000,0x00000000df280000,0x00000000e1480000)
 ParOldGen       total 159232K, used 77126K [0x0000000081600000, 0x000000008b180000, 0x00000000d5d00000)
  object space 159232K, 48% used [0x0000000081600000,0x0000000086151998,0x000000008b180000)
 Metaspace       used 25245K, capacity 25557K, committed 25856K, reserved 1071104K
  class space    used 3089K, capacity 3213K, committed 3328K, reserved 1048576K
Event: 24.064 GC heap after
Heap after GC invocations=31 (full 3):
 PSYoungGen      total 150016K, used 27023K [0x00000000d5d00000, 0x00000000e1b00000, 0x0000000100000000)
  eden space 115200K, 0% used [0x00000000d5d00000,0x00000000d5d00000,0x00000000dcd80000)
  from space 34816K, 77% used [0x00000000df280000,0x00000000e0ce3d38,0x00000000e1480000)
  to   space 37888K, 0% used [0x00000000dcd80000,0x00000000dcd80000,0x00000000df280000)
 ParOldGen       total 159232K, used 80860K [0x0000000081600000, 0x000000008b180000, 0x00000000d5d00000)
  object space 159232K, 50% used [0x0000000081600000,0x00000000864f7270,0x000000008b180000)
 Metaspace       used 25245K, capacity 25557K, committed 25856K, reserved 1071104K
  class space    used 3089K, capacity 3213K, committed 3328K, reserved 1048576K
}
Event: 26.008 GC heap before
{Heap before GC invocations=32 (full 3):
 PSYoungGen      total 150016K, used 142223K [0x00000000d5d00000, 0x00000000e1b00000, 0x0000000100000000)
  eden space 115200K, 100% used [0x00000000d5d00000,0x00000000dcd80000,0x00000000dcd80000)
  from space 34816K, 77% used [0x00000000df280000,0x00000000e0ce3d38,0x00000000e1480000)
  to   space 37888K, 0% used [0x00000000dcd80000,0x00000000dcd80000,0x00000000df280000)
 ParOldGen       total 159232K, used 80860K [0x0000000081600000, 0x000000008b180000, 0x00000000d5d00000)
  object space 159232K, 50% used [0x0000000081600000,0x00000000864f7270,0x000000008b180000)
 Metaspace       used 27520K, capacity 27843K, committed 28160K, reserved 1073152K
  class space    used 3388K, capacity 3480K, committed 3584K, reserved 1048576K
Event: 26.018 GC heap after
Heap after GC invocations=32 (full 3):
 PSYoungGen      total 153088K, used 11781K [0x00000000d5d00000, 0x00000000e2300000, 0x0000000100000000)
  eden space 115200K, 0% used [0x00000000d5d00000,0x00000000d5d00000,0x00000000dcd80000)
  from space 37888K, 31% used [0x00000000dcd80000,0x00000000dd901658,0x00000000df280000)
  to   space 35840K, 0% used [0x00000000e0000000,0x00000000e0000000,0x00000000e2300000)
 ParOldGen       total 159232K, used 84171K [0x0000000081600000, 0x000000008b180000, 0x00000000d5d00000)
  object space 159232K, 52% used [0x0000000081600000,0x0000000086832cd0,0x000000008b180000)
 Metaspace       used 27520K, capacity 27843K, committed 28160K, reserved 1073152K
  class space    used 3388K, capacity 3480K, committed 3584K, reserved 1048576K
}

